2019-09-06T11:09:40.377Z - normal: Load ~/.CocosCreator/settings.json
2019-09-06T11:09:41.507Z - normal: Initializing Asset Database
2019-09-06T11:09:41.509Z - normal: checking language setting...
2019-09-06T11:09:41.509Z - normal: Language: zh
2019-09-06T11:09:42.336Z - success: preview server running at http://localhost:7456
2019-09-06T11:09:42.339Z - success: protocol editor-framework registered
2019-09-06T11:09:42.339Z - success: protocol app registered
2019-09-06T11:09:42.339Z - success: protocol theme registered
2019-09-06T11:09:42.339Z - success: protocol packages registered
2019-09-06T11:09:42.340Z - success: protocol uuid registerred
2019-09-06T11:09:42.340Z - success: protocol db registerred
2019-09-06T11:09:42.340Z - success: protocol thumbnail registerred
2019-09-06T11:09:42.340Z - success: protocol unpack registerred
2019-09-06T11:09:42.340Z - success: protocol disable-commonjs registerred
2019-09-06T11:09:42.420Z - normal: connected!
2019-09-06T11:09:42.421Z - normal: Check project D:\project\Dot1
2019-09-06T11:09:42.422Z - normal: Initializing project D:\project\Dot1
2019-09-06T11:09:42.901Z - normal: Initializing Cocos2d
2019-09-06T11:09:43.682Z - normal: Initializing engine extends
2019-09-06T11:09:43.719Z - success: asset-db-debugger loaded
2019-09-06T11:09:43.720Z - success: baidu-adapter loaded
2019-09-06T11:09:43.722Z - success: color-picker loaded
2019-09-06T11:09:43.836Z - success: fb-audience-network loaded
2019-09-06T11:09:43.914Z - success: fb-live-stream loaded
2019-09-06T11:09:43.923Z - success: google-play-instant loaded
2019-09-06T11:09:43.934Z - success: huawei-runtime loaded
2019-09-06T11:09:44.247Z - success: cpk-publish loaded
2019-09-06T11:09:44.248Z - success: jsb-adapter loaded
2019-09-06T11:09:44.255Z - success: oppo-runtime loaded
2019-09-06T11:09:44.260Z - success: package-manager loaded
2019-09-06T11:09:44.395Z - success: qqplay-adapter loaded
2019-09-06T11:09:44.397Z - success: runtime-dev-tools loaded
2019-09-06T11:09:44.403Z - success: sdkbox loaded
2019-09-06T11:09:44.408Z - success: tester loaded
2019-09-06T11:09:44.412Z - success: ui-grid loaded
2019-09-06T11:09:44.414Z - success: ui-kit-preview-extra loaded
2019-09-06T11:09:44.416Z - success: ui-kit-preview loaded
2019-09-06T11:09:44.419Z - success: ui-kit loaded
2019-09-06T11:09:44.420Z - success: ui-tree loaded
2019-09-06T11:09:44.429Z - success: vivo-runtime loaded
2019-09-06T11:09:44.429Z - success: weapp-adapter loaded
2019-09-06T11:09:44.430Z - success: xiaomi-adapter loaded
2019-09-06T11:09:44.473Z - success: assets loaded
2019-09-06T11:09:44.475Z - success: builder loaded
2019-09-06T11:09:44.777Z - success: cocos-services loaded
2019-09-06T11:09:44.782Z - success: console loaded
2019-09-06T11:09:44.813Z - success: fb-instant-games loaded
2019-09-06T11:09:44.815Z - success: google-instant-games loaded
2019-09-06T11:09:44.819Z - success: hierarchy loaded
2019-09-06T11:09:44.822Z - success: inspector loaded
2019-09-06T11:09:44.823Z - success: keystore loaded
2019-09-06T11:09:44.828Z - success: node-library loaded
2019-09-06T11:09:44.830Z - success: package-asset loaded
2019-09-06T11:09:44.832Z - success: preferences loaded
2019-09-06T11:09:44.833Z - success: project-exporter loaded
2019-09-06T11:09:44.835Z - success: project-importer loaded
2019-09-06T11:09:44.837Z - success: project-settings loaded
2019-09-06T11:09:44.841Z - success: scene loaded
2019-09-06T11:09:44.842Z - success: simulator-debugger loaded
2019-09-06T11:09:44.843Z - success: sprite-editor loaded
2019-09-06T11:09:44.851Z - success: store loaded
2019-09-06T11:09:44.855Z - success: timeline loaded
2019-09-06T11:09:44.861Z - success: xiaomi-runtime loaded
2019-09-06T11:09:44.864Z - success: clean loaded
2019-09-06T11:09:45.957Z - normal: Loading packages
2019-09-06T11:09:45.966Z - normal: Watching packages
2019-09-06T11:09:46.328Z - info: Cocos Services load base data!
2019-09-06T11:09:47.034Z - normal: Run Application
2019-09-06T11:09:50.890Z - info: shutdown preview server
